{
  "stats": {
    "suites": 1,
    "tests": 4,
    "passes": 4,
    "pending": 0,
    "failures": 0,
    "start": "2024-06-06T09:54:16.605Z",
    "end": "2024-06-06T09:54:46.471Z",
    "duration": 29866,
    "testsRegistered": 4,
    "passPercent": 100,
    "pendingPercent": 0,
    "other": 0,
    "hasOther": false,
    "skipped": 0,
    "hasSkipped": false
  },
  "results": [
    {
      "uuid": "99aa7d4b-3a0b-4dbf-8339-afcac7ab91c8",
      "title": "",
      "fullFile": "cypress\\e2e\\LoginTest.cy.js",
      "file": "cypress\\e2e\\LoginTest.cy.js",
      "beforeHooks": [],
      "afterHooks": [],
      "tests": [],
      "suites": [
        {
          "uuid": "8c45f61c-cf8a-4ff4-820a-6e223f94630b",
          "title": "Visit to the Landing page",
          "fullFile": "",
          "file": "",
          "beforeHooks": [],
          "afterHooks": [],
          "tests": [
            {
              "title": "wrong username & Password",
              "fullTitle": "Visit to the Landing page wrong username & Password",
              "timedOut": null,
              "duration": 10345,
              "state": "passed",
              "speed": "slow",
              "pass": true,
              "fail": false,
              "pending": false,
              "context": null,
              "code": "const userName = cy.get('#username').click().type('test1');\nconst Password = cy.get('#password').click().type('test1#987');\nuserName.clear();\nPassword.clear();\ncy.xpath(\"//button[@type='submit']\").click();\ncy.get('#flash').should(\"contain\", \"Your username is invalid!\"); // Assertion",
              "err": {},
              "uuid": "5b434997-1e12-426b-8f8c-b0d0f24ab3a9",
              "parentUUID": "8c45f61c-cf8a-4ff4-820a-6e223f94630b",
              "isHook": false,
              "skipped": false
            },
            {
              "title": "wrong username and correct Password",
              "fullTitle": "Visit to the Landing page wrong username and correct Password",
              "timedOut": null,
              "duration": 5699,
              "state": "passed",
              "speed": "medium",
              "pass": true,
              "fail": false,
              "pending": false,
              "context": null,
              "code": "cy.get('#username').click().type('test1');\ncy.get('#password').click().type('SuperSecretPassword!');\ncy.xpath(\"//button[@type='submit']\").click();\ncy.get('#flash').should(\"contain\", \"Your username is invalid!\"); // Assertion",
              "err": {},
              "uuid": "f604453e-609d-4dfa-8551-a2ee2a563907",
              "parentUUID": "8c45f61c-cf8a-4ff4-820a-6e223f94630b",
              "isHook": false,
              "skipped": false
            },
            {
              "title": "correct username and wrong Password",
              "fullTitle": "Visit to the Landing page correct username and wrong Password",
              "timedOut": null,
              "duration": 4930,
              "state": "passed",
              "speed": "fast",
              "pass": true,
              "fail": false,
              "pending": false,
              "context": null,
              "code": "cy.get('#username').click().type('practice');\ncy.get('#password').click().type('SuperSecret');\ncy.xpath(\"//button[@type='submit']\").click();\ncy.get('#flash').should(\"contain\", \"Your password is invalid!\"); // Assertion",
              "err": {},
              "uuid": "dae5dd20-196f-4681-aec0-c59b30d7750f",
              "parentUUID": "8c45f61c-cf8a-4ff4-820a-6e223f94630b",
              "isHook": false,
              "skipped": false
            },
            {
              "title": "correct username and  Password",
              "fullTitle": "Visit to the Landing page correct username and  Password",
              "timedOut": null,
              "duration": 4249,
              "state": "passed",
              "speed": "fast",
              "pass": true,
              "fail": false,
              "pending": false,
              "context": null,
              "code": "cy.get('#username').click().type('practice');\ncy.get('#password').click().type('SuperSecretPassword!');\ncy.xpath(\"//button[@type='submit']\").click();\ncy.get('#flash').should(\"contain\", \"You logged into a secure area!\"); // Assertion",
              "err": {},
              "uuid": "833b83c1-f42e-4d49-bec9-b38b673b0e6e",
              "parentUUID": "8c45f61c-cf8a-4ff4-820a-6e223f94630b",
              "isHook": false,
              "skipped": false
            }
          ],
          "suites": [],
          "passes": [
            "5b434997-1e12-426b-8f8c-b0d0f24ab3a9",
            "f604453e-609d-4dfa-8551-a2ee2a563907",
            "dae5dd20-196f-4681-aec0-c59b30d7750f",
            "833b83c1-f42e-4d49-bec9-b38b673b0e6e"
          ],
          "failures": [],
          "pending": [],
          "skipped": [],
          "duration": 25223,
          "root": false,
          "rootEmpty": false,
          "_timeout": 2000
        }
      ],
      "passes": [],
      "failures": [],
      "pending": [],
      "skipped": [],
      "duration": 0,
      "root": true,
      "rootEmpty": true,
      "_timeout": 2000
    }
  ],
  "meta": {
    "mocha": {
      "version": "7.0.1"
    },
    "mochawesome": {
      "options": {
        "quiet": false,
        "reportFilename": "mochawesome",
        "saveHtml": false,
        "saveJson": true,
        "consoleReporter": "spec",
        "useInlineDiffs": false,
        "code": true
      },
      "version": "7.1.3"
    },
    "marge": {
      "options": {
        "overwrite": false,
        "html": false,
        "json": true,
        "reportDir": "cypress\\reports\\html\\.jsons"
      },
      "version": "6.2.0"
    }
  }
}