{
  "stats": {
    "suites": 1,
    "tests": 4,
    "passes": 4,
    "pending": 0,
    "failures": 0,
    "start": "2024-05-25T23:16:11.722Z",
    "end": "2024-05-25T23:16:40.513Z",
    "duration": 28791,
    "testsRegistered": 4,
    "passPercent": 100,
    "pendingPercent": 0,
    "other": 0,
    "hasOther": false,
    "skipped": 0,
    "hasSkipped": false
  },
  "results": [
    {
      "uuid": "670eb336-d19b-4eec-9668-e57144726dbb",
      "title": "",
      "fullFile": "cypress\\e2e\\LoginTest.cy.js",
      "file": "cypress\\e2e\\LoginTest.cy.js",
      "beforeHooks": [],
      "afterHooks": [],
      "tests": [],
      "suites": [
        {
          "uuid": "02f2d6ba-3735-4793-9270-2442e333b0dc",
          "title": "Visit to the Landing page",
          "fullFile": "",
          "file": "",
          "beforeHooks": [],
          "afterHooks": [],
          "tests": [
            {
              "title": "wrong username & Password",
              "fullTitle": "Visit to the Landing page wrong username & Password",
              "timedOut": null,
              "duration": 7399,
              "state": "passed",
              "speed": "medium",
              "pass": true,
              "fail": false,
              "pending": false,
              "context": null,
              "code": "cy.visit(\"https://practice.expandtesting.com/login\");\ncy.get('#username').click().type('test1');\ncy.get('#password').click().type('test1#987');\ncy.xpath(\"//button[@type='submit']\").click();\ncy.get('#flash').should(\"contain\", \"Your username is invalid!\"); // Assertion",
              "err": {},
              "uuid": "1f885cab-aef2-4dab-b833-eff209864db9",
              "parentUUID": "02f2d6ba-3735-4793-9270-2442e333b0dc",
              "isHook": false,
              "skipped": false
            },
            {
              "title": "wrong username and correct Password",
              "fullTitle": "Visit to the Landing page wrong username and correct Password",
              "timedOut": null,
              "duration": 5810,
              "state": "passed",
              "speed": "medium",
              "pass": true,
              "fail": false,
              "pending": false,
              "context": null,
              "code": "cy.visit(\"https://practice.expandtesting.com/login\");\ncy.get('#username').click().type('test1');\ncy.get('#password').click().type('SuperSecretPassword!');\ncy.xpath(\"//button[@type='submit']\").click();\ncy.get('#flash').should(\"contain\", \"Your username is invalid!\"); // Assertion",
              "err": {},
              "uuid": "708889cb-bd97-4932-81c0-a11ec93c63b6",
              "parentUUID": "02f2d6ba-3735-4793-9270-2442e333b0dc",
              "isHook": false,
              "skipped": false
            },
            {
              "title": "correct username and wrong Password",
              "fullTitle": "Visit to the Landing page correct username and wrong Password",
              "timedOut": null,
              "duration": 5859,
              "state": "passed",
              "speed": "medium",
              "pass": true,
              "fail": false,
              "pending": false,
              "context": null,
              "code": "cy.visit(\"https://practice.expandtesting.com/login\");\ncy.get('#username').click().type('practice');\ncy.get('#password').click().type('SuperSecret');\ncy.xpath(\"//button[@type='submit']\").click();\ncy.get('#flash').should(\"contain\", \"Your password is invalid!\"); // Assertion",
              "err": {},
              "uuid": "d78bf256-68d8-4ee3-8998-4f10215761ef",
              "parentUUID": "02f2d6ba-3735-4793-9270-2442e333b0dc",
              "isHook": false,
              "skipped": false
            },
            {
              "title": "correct username and  Password",
              "fullTitle": "Visit to the Landing page correct username and  Password",
              "timedOut": null,
              "duration": 5067,
              "state": "passed",
              "speed": "medium",
              "pass": true,
              "fail": false,
              "pending": false,
              "context": null,
              "code": "cy.visit(\"https://practice.expandtesting.com/login\");\ncy.get('#username').click().type('practice');\ncy.get('#password').click().type('SuperSecretPassword!');\ncy.xpath(\"//button[@type='submit']\").click();\ncy.get('#flash').should(\"contain\", \"You logged into a secure area!\"); // Assertion",
              "err": {},
              "uuid": "de34de28-973a-49cc-a35f-647b9ec2ca8c",
              "parentUUID": "02f2d6ba-3735-4793-9270-2442e333b0dc",
              "isHook": false,
              "skipped": false
            }
          ],
          "suites": [],
          "passes": [
            "1f885cab-aef2-4dab-b833-eff209864db9",
            "708889cb-bd97-4932-81c0-a11ec93c63b6",
            "d78bf256-68d8-4ee3-8998-4f10215761ef",
            "de34de28-973a-49cc-a35f-647b9ec2ca8c"
          ],
          "failures": [],
          "pending": [],
          "skipped": [],
          "duration": 24135,
          "root": false,
          "rootEmpty": false,
          "_timeout": 2000
        }
      ],
      "passes": [],
      "failures": [],
      "pending": [],
      "skipped": [],
      "duration": 0,
      "root": true,
      "rootEmpty": true,
      "_timeout": 2000
    }
  ],
  "meta": {
    "mocha": {
      "version": "7.0.1"
    },
    "mochawesome": {
      "options": {
        "quiet": false,
        "reportFilename": "mochawesome",
        "saveHtml": false,
        "saveJson": true,
        "consoleReporter": "spec",
        "useInlineDiffs": false,
        "code": true
      },
      "version": "7.1.3"
    },
    "marge": {
      "options": {
        "overwrite": false,
        "html": false,
        "json": true,
        "reportDir": "cypress\\reports\\html\\.jsons"
      },
      "version": "6.2.0"
    }
  }
}